<?xml version="1.0" encoding="UTF-8"?>
<coverage generated="1755037622876" clover="3.2.0">
  <project timestamp="1755037622877" name="All files">
    <metrics statements="31" coveredstatements="15" conditionals="5" coveredconditionals="1" methods="5" coveredmethods="4" elements="41" coveredelements="20" complexity="0" loc="31" ncloc="31" packages="1" files="2" classes="2"/>
    <file name="Location.tsx" path="E:\venkatesh\works\Nextjs\Tecomon-Aufgabe\frontend\components\Location.tsx">
      <metrics statements="23" coveredstatements="9" conditionals="5" coveredconditionals="1" methods="3" coveredmethods="2"/>
      <line num="2" count="1" type="stmt"/>
      <line num="3" count="1" type="stmt"/>
      <line num="4" count="1" type="stmt"/>
      <line num="5" count="3" type="stmt"/>
      <line num="6" count="3" type="stmt"/>
      <line num="8" count="3" type="stmt"/>
      <line num="10" count="3" type="stmt"/>
      <line num="11" count="0" type="stmt"/>
      <line num="13" count="0" type="cond" truecount="0" falsecount="2"/>
      <line num="14" count="0" type="stmt"/>
      <line num="15" count="0" type="stmt"/>
      <line num="17" count="0" type="cond" truecount="0" falsecount="2"/>
      <line num="18" count="0" type="stmt"/>
      <line num="19" count="0" type="stmt"/>
      <line num="21" count="0" type="stmt"/>
      <line num="23" count="0" type="stmt"/>
      <line num="24" count="0" type="stmt"/>
      <line num="27" count="0" type="stmt"/>
      <line num="28" count="0" type="stmt"/>
      <line num="30" count="0" type="stmt"/>
      <line num="31" count="0" type="stmt"/>
      <line num="45" count="1" type="stmt"/>
      <line num="67" count="2" type="stmt"/>
    </file>
    <file name="RemoveWidget.tsx" path="E:\venkatesh\works\Nextjs\Tecomon-Aufgabe\frontend\components\RemoveWidget.tsx">
      <metrics statements="8" coveredstatements="6" conditionals="0" coveredconditionals="0" methods="2" coveredmethods="2"/>
      <line num="1" count="1" type="stmt"/>
      <line num="8" count="1" type="stmt"/>
      <line num="9" count="1" type="stmt"/>
      <line num="10" count="1" type="stmt"/>
      <line num="11" count="1" type="stmt"/>
      <line num="12" count="0" type="stmt"/>
      <line num="14" count="0" type="stmt"/>
      <line num="30" count="1" type="stmt"/>
    </file>
  </project>
</coverage>
