{"total": {"lines":{"total":23,"covered":9,"skipped":0,"pct":39.13},"statements":{"total":24,"covered":10,"skipped":0,"pct":41.66},"functions":{"total":3,"covered":2,"skipped":0,"pct":66.66},"branches":{"total":5,"covered":1,"skipped":0,"pct":20},"branchesTrue":{"total":0,"covered":0,"skipped":0,"pct":"Unknown"}}
,"E:\\venkatesh\\works\\Nextjs\\Tecomon-Aufgabe\\frontend\\components\\Location.tsx": {"lines":{"total":23,"covered":9,"skipped":0,"pct":39.13},"functions":{"total":3,"covered":2,"skipped":0,"pct":66.66},"statements":{"total":24,"covered":10,"skipped":0,"pct":41.66},"branches":{"total":5,"covered":1,"skipped":0,"pct":20}}
}
