TN:
SF:components\Location.tsx
FN:4,(anonymous_2)
FN:10,(anonymous_3)
FN:45,(anonymous_4)
FNF:3
FNH:2
FNDA:3,(anonymous_2)
FNDA:0,(anonymous_3)
FNDA:1,(anonymous_4)
DA:2,1
DA:3,1
DA:4,1
DA:5,3
DA:6,3
DA:8,3
DA:10,3
DA:11,0
DA:13,0
DA:14,0
DA:15,0
DA:17,0
DA:18,0
DA:19,0
DA:21,0
DA:23,0
DA:24,0
DA:27,0
DA:28,0
DA:30,0
DA:31,0
DA:45,1
DA:67,2
LF:23
LH:9
BRDA:13,0,0,0
BRDA:13,0,1,0
BRDA:17,1,0,0
BRDA:17,1,1,0
BRDA:57,2,0,3
BRF:5
BRH:1
end_of_record
TN:
SF:components\RemoveWidget.tsx
FN:8,(anonymous_2)
FN:9,(anonymous_3)
FNF:2
FNH:2
FNDA:1,(anonymous_2)
FNDA:1,(anonymous_3)
DA:1,1
DA:8,1
DA:9,1
DA:10,1
DA:11,1
DA:12,0
DA:14,0
DA:30,1
LF:8
LH:6
BRF:0
BRH:0
end_of_record
